------------------------------Start------------------------------
2016-10-11 17:31:13.1978 - ERROR:error MyBlog.Common.Log.Nloglogger.Error(E:\projects\MyBlog\MyBlog.Common\Log\Nloglogger.cs:30) System.ArgumentNullException 键不能为 null。
参数名: key Boolean ContainsKey(System.Object)    在 System.Collections.Hashtable.ContainsKey(Object key)
   在 MyBlog.WebUI.Areas.admin.Controllers.HomeController.UpLoad() 位置 E:\projects\MyBlog\MyBlog.WebUI\Areas\admin\Controllers\HomeController.cs:行号 66
   在 lambda_method(Closure , ControllerBase , Object[] )
   在 System.Web.Mvc.ActionMethodDispatcher.Execute(ControllerBase controller, Object[] parameters)
   在 System.Web.Mvc.ReflectedActionDescriptor.Execute(ControllerContext controllerContext, IDictionary`2 parameters)
   在 System.Web.Mvc.ControllerActionInvoker.InvokeActionMethod(ControllerContext controllerContext, ActionDescriptor actionDescriptor, IDictionary`2 parameters)
   在 System.Web.Mvc.Async.AsyncControllerActionInvoker.<BeginInvokeSynchronousActionMethod>b__39(IAsyncResult asyncResult, ActionInvocation innerInvokeState)
   在 System.Web.Mvc.Async.AsyncResultWrapper.WrappedAsyncResult`2.CallEndDelegate(IAsyncResult asyncResult)
   在 System.Web.Mvc.Async.AsyncResultWrapper.WrappedAsyncResultBase`1.End()
   在 System.Web.Mvc.Async.AsyncControllerActionInvoker.EndInvokeActionMethod(IAsyncResult asyncResult)
   在 System.Web.Mvc.Async.AsyncControllerActionInvoker.AsyncInvocationWithFilters.<InvokeActionMethodFilterAsynchronouslyRecursive>b__3d()
   在 System.Web.Mvc.Async.AsyncControllerActionInvoker.AsyncInvocationWithFilters.<>c__DisplayClass46.<InvokeActionMethodFilterAsynchronouslyRecursive>b__3f()
   在 System.Web.Mvc.Async.AsyncControllerActionInvoker.<>c__DisplayClass33.<BeginInvokeActionMethodWithFilters>b__32(IAsyncResult asyncResult)
   在 System.Web.Mvc.Async.AsyncResultWrapper.WrappedAsyncResult`1.CallEndDelegate(IAsyncResult asyncResult)
   在 System.Web.Mvc.Async.AsyncResultWrapper.WrappedAsyncResultBase`1.End()
   在 System.Web.Mvc.Async.AsyncControllerActionInvoker.EndInvokeActionMethodWithFilters(IAsyncResult asyncResult)
   在 System.Web.Mvc.Async.AsyncControllerActionInvoker.<>c__DisplayClass21.<>c__DisplayClass2b.<BeginInvokeAction>b__1c()
   在 System.Web.Mvc.Async.AsyncControllerActionInvoker.<>c__DisplayClass21.<BeginInvokeAction>b__1e(IAsyncResult asyncResult)
2016-10-11 17:31:37.2504 - ERROR:error MyBlog.Common.Log.Nloglogger.Error(E:\projects\MyBlog\MyBlog.Common\Log\Nloglogger.cs:30) System.ArgumentNullException 键不能为 null。
参数名: key Boolean ContainsKey(System.Object)    在 System.Collections.Hashtable.ContainsKey(Object key)
   在 MyBlog.WebUI.Areas.admin.Controllers.HomeController.UpLoad() 位置 E:\projects\MyBlog\MyBlog.WebUI\Areas\admin\Controllers\HomeController.cs:行号 66
   在 lambda_method(Closure , ControllerBase , Object[] )
   在 System.Web.Mvc.ActionMethodDispatcher.Execute(ControllerBase controller, Object[] parameters)
   在 System.Web.Mvc.ReflectedActionDescriptor.Execute(ControllerContext controllerContext, IDictionary`2 parameters)
   在 System.Web.Mvc.ControllerActionInvoker.InvokeActionMethod(ControllerContext controllerContext, ActionDescriptor actionDescriptor, IDictionary`2 parameters)
   在 System.Web.Mvc.Async.AsyncControllerActionInvoker.<BeginInvokeSynchronousActionMethod>b__39(IAsyncResult asyncResult, ActionInvocation innerInvokeState)
   在 System.Web.Mvc.Async.AsyncResultWrapper.WrappedAsyncResult`2.CallEndDelegate(IAsyncResult asyncResult)
   在 System.Web.Mvc.Async.AsyncResultWrapper.WrappedAsyncResultBase`1.End()
   在 System.Web.Mvc.Async.AsyncControllerActionInvoker.EndInvokeActionMethod(IAsyncResult asyncResult)
   在 System.Web.Mvc.Async.AsyncControllerActionInvoker.AsyncInvocationWithFilters.<InvokeActionMethodFilterAsynchronouslyRecursive>b__3d()
   在 System.Web.Mvc.Async.AsyncControllerActionInvoker.AsyncInvocationWithFilters.<>c__DisplayClass46.<InvokeActionMethodFilterAsynchronouslyRecursive>b__3f()
   在 System.Web.Mvc.Async.AsyncControllerActionInvoker.<>c__DisplayClass33.<BeginInvokeActionMethodWithFilters>b__32(IAsyncResult asyncResult)
   在 System.Web.Mvc.Async.AsyncResultWrapper.WrappedAsyncResult`1.CallEndDelegate(IAsyncResult asyncResult)
   在 System.Web.Mvc.Async.AsyncResultWrapper.WrappedAsyncResultBase`1.End()
   在 System.Web.Mvc.Async.AsyncControllerActionInvoker.EndInvokeActionMethodWithFilters(IAsyncResult asyncResult)
   在 System.Web.Mvc.Async.AsyncControllerActionInvoker.<>c__DisplayClass21.<>c__DisplayClass2b.<BeginInvokeAction>b__1c()
   在 System.Web.Mvc.Async.AsyncControllerActionInvoker.<>c__DisplayClass21.<BeginInvokeAction>b__1e(IAsyncResult asyncResult)
2016-10-11 17:33:57.9105 - ERROR:error MyBlog.Common.Log.Nloglogger.Error(E:\projects\MyBlog\MyBlog.Common\Log\Nloglogger.cs:30) System.Web.HttpException SaveAs 方法被配置为需要根路径，但是路径“image/20161011/20161011173357_6724.jpg”不是根路径。 Void SaveAs(System.String)    在 System.Web.HttpPostedFile.SaveAs(String filename)
   在 System.Web.HttpPostedFileWrapper.SaveAs(String filename)
   在 MyBlog.WebUI.Areas.admin.Controllers.HomeController.UpLoad() 位置 E:\projects\MyBlog\MyBlog.WebUI\Areas\admin\Controllers\HomeController.cs:行号 96
   在 lambda_method(Closure , ControllerBase , Object[] )
   在 System.Web.Mvc.ActionMethodDispatcher.Execute(ControllerBase controller, Object[] parameters)
   在 System.Web.Mvc.ReflectedActionDescriptor.Execute(ControllerContext controllerContext, IDictionary`2 parameters)
   在 System.Web.Mvc.ControllerActionInvoker.InvokeActionMethod(ControllerContext controllerContext, ActionDescriptor actionDescriptor, IDictionary`2 parameters)
   在 System.Web.Mvc.Async.AsyncControllerActionInvoker.<BeginInvokeSynchronousActionMethod>b__39(IAsyncResult asyncResult, ActionInvocation innerInvokeState)
   在 System.Web.Mvc.Async.AsyncResultWrapper.WrappedAsyncResult`2.CallEndDelegate(IAsyncResult asyncResult)
   在 System.Web.Mvc.Async.AsyncResultWrapper.WrappedAsyncResultBase`1.End()
   在 System.Web.Mvc.Async.AsyncControllerActionInvoker.EndInvokeActionMethod(IAsyncResult asyncResult)
   在 System.Web.Mvc.Async.AsyncControllerActionInvoker.AsyncInvocationWithFilters.<InvokeActionMethodFilterAsynchronouslyRecursive>b__3d()
   在 System.Web.Mvc.Async.AsyncControllerActionInvoker.AsyncInvocationWithFilters.<>c__DisplayClass46.<InvokeActionMethodFilterAsynchronouslyRecursive>b__3f()
   在 System.Web.Mvc.Async.AsyncControllerActionInvoker.<>c__DisplayClass33.<BeginInvokeActionMethodWithFilters>b__32(IAsyncResult asyncResult)
   在 System.Web.Mvc.Async.AsyncResultWrapper.WrappedAsyncResult`1.CallEndDelegate(IAsyncResult asyncResult)
   在 System.Web.Mvc.Async.AsyncResultWrapper.WrappedAsyncResultBase`1.End()
   在 System.Web.Mvc.Async.AsyncControllerActionInvoker.EndInvokeActionMethodWithFilters(IAsyncResult asyncResult)
   在 System.Web.Mvc.Async.AsyncControllerActionInvoker.<>c__DisplayClass21.<>c__DisplayClass2b.<BeginInvokeAction>b__1c()
   在 System.Web.Mvc.Async.AsyncControllerActionInvoker.<>c__DisplayClass21.<BeginInvokeAction>b__1e(IAsyncResult asyncResult)
2016-10-11 17:36:35.5423 - ERROR:error MyBlog.Common.Log.Nloglogger.Error(E:\projects\MyBlog\MyBlog.Common\Log\Nloglogger.cs:30) System.Web.HttpException SaveAs 方法被配置为需要根路径，但是路径“image/20161011/20161011173619_6840.jpg”不是根路径。 Void SaveAs(System.String)    在 System.Web.HttpPostedFile.SaveAs(String filename)
   在 System.Web.HttpPostedFileWrapper.SaveAs(String filename)
   在 MyBlog.WebUI.Areas.admin.Controllers.HomeController.UpLoad() 位置 E:\projects\MyBlog\MyBlog.WebUI\Areas\admin\Controllers\HomeController.cs:行号 96
   在 lambda_method(Closure , ControllerBase , Object[] )
   在 System.Web.Mvc.ActionMethodDispatcher.Execute(ControllerBase controller, Object[] parameters)
   在 System.Web.Mvc.ReflectedActionDescriptor.Execute(ControllerContext controllerContext, IDictionary`2 parameters)
   在 System.Web.Mvc.ControllerActionInvoker.InvokeActionMethod(ControllerContext controllerContext, ActionDescriptor actionDescriptor, IDictionary`2 parameters)
   在 System.Web.Mvc.Async.AsyncControllerActionInvoker.<BeginInvokeSynchronousActionMethod>b__39(IAsyncResult asyncResult, ActionInvocation innerInvokeState)
   在 System.Web.Mvc.Async.AsyncResultWrapper.WrappedAsyncResult`2.CallEndDelegate(IAsyncResult asyncResult)
   在 System.Web.Mvc.Async.AsyncResultWrapper.WrappedAsyncResultBase`1.End()
   在 System.Web.Mvc.Async.AsyncControllerActionInvoker.EndInvokeActionMethod(IAsyncResult asyncResult)
   在 System.Web.Mvc.Async.AsyncControllerActionInvoker.AsyncInvocationWithFilters.<InvokeActionMethodFilterAsynchronouslyRecursive>b__3d()
   在 System.Web.Mvc.Async.AsyncControllerActionInvoker.AsyncInvocationWithFilters.<>c__DisplayClass46.<InvokeActionMethodFilterAsynchronouslyRecursive>b__3f()
   在 System.Web.Mvc.Async.AsyncControllerActionInvoker.<>c__DisplayClass33.<BeginInvokeActionMethodWithFilters>b__32(IAsyncResult asyncResult)
   在 System.Web.Mvc.Async.AsyncResultWrapper.WrappedAsyncResult`1.CallEndDelegate(IAsyncResult asyncResult)
   在 System.Web.Mvc.Async.AsyncResultWrapper.WrappedAsyncResultBase`1.End()
   在 System.Web.Mvc.Async.AsyncControllerActionInvoker.EndInvokeActionMethodWithFilters(IAsyncResult asyncResult)
   在 System.Web.Mvc.Async.AsyncControllerActionInvoker.<>c__DisplayClass21.<>c__DisplayClass2b.<BeginInvokeAction>b__1c()
   在 System.Web.Mvc.Async.AsyncControllerActionInvoker.<>c__DisplayClass21.<BeginInvokeAction>b__1e(IAsyncResult asyncResult)
2016-10-11 17:44:00.0465 - ERROR:未将对象引用设置到对象的实例。 MyBlog.Common.Log.Nloglogger.Error(E:\projects\MyBlog\MyBlog.Common\Log\Nloglogger.cs:25) 
2016-10-11 17:44:06.7739 - ERROR:未将对象引用设置到对象的实例。 MyBlog.Common.Log.Nloglogger.Error(E:\projects\MyBlog\MyBlog.Common\Log\Nloglogger.cs:25) 
2016-10-11 17:44:47.7832 - ERROR:未将对象引用设置到对象的实例。 MyBlog.Common.Log.Nloglogger.Error(E:\projects\MyBlog\MyBlog.Common\Log\Nloglogger.cs:25) 
2016-10-11 17:46:47.7278 - ERROR:未将对象引用设置到对象的实例。 MyBlog.Common.Log.Nloglogger.Error(E:\projects\MyBlog\MyBlog.Common\Log\Nloglogger.cs:25) 
2016-10-11 17:50:28.3273 - ERROR:未将对象引用设置到对象的实例。 MyBlog.Common.Log.Nloglogger.Error(E:\projects\MyBlog\MyBlog.Common\Log\Nloglogger.cs:25) 
2016-10-11 17:51:07.9863 - ERROR:未将对象引用设置到对象的实例。 MyBlog.Common.Log.Nloglogger.Error(E:\projects\MyBlog\MyBlog.Common\Log\Nloglogger.cs:25) 
2016-10-11 17:53:31.3292 - ERROR:未将对象引用设置到对象的实例。 MyBlog.Common.Log.Nloglogger.Error(E:\projects\MyBlog\MyBlog.Common\Log\Nloglogger.cs:25) 
2016-10-11 17:54:37.3824 - ERROR:未将对象引用设置到对象的实例。 MyBlog.Common.Log.Nloglogger.Error(E:\projects\MyBlog\MyBlog.Common\Log\Nloglogger.cs:25) 
